<?xml version="1.0" encoding="UTF-8"?>
<!-- Generated by org.testng.reporters.JUnitXMLReporter -->
<testsuite hostname="DESKTOP-QE31605" name="Default test" tests="9" failures="0" timestamp="25 Sep 2017 20:39:18 GMT" time="26.278" errors="0">
  <testcase name="testCase" time="0.036" classname="com.alg.test.executionengine.Executor"/>
  <testcase name="testCase" time="0.034" classname="com.alg.test.executionengine.Executor"/>
  <testcase name="testCase" time="0.075" classname="com.alg.test.executionengine.Executor"/>
  <testcase name="testCase" time="0.024" classname="com.alg.test.executionengine.Executor"/>
  <testcase name="testCase" time="0.01" classname="com.alg.test.executionengine.Executor"/>
  <testcase name="testCase" time="0.008" classname="com.alg.test.executionengine.Executor"/>
  <testcase name="testCase" time="0.043" classname="com.alg.test.executionengine.Executor"/>
  <testcase name="testCase" time="0.039" classname="com.alg.test.executionengine.Executor"/>
  <testcase name="testCase" time="24.665" classname="com.alg.test.executionengine.Executor"/>
</testsuite> <!-- Default test -->
